<?xml version="1.0" encoding="UTF-8"?>
<coverage generated="1771340934665" clover="3.2.0">
  <project timestamp="1771340934665" name="All files">
    <metrics statements="26" coveredstatements="23" conditionals="9" coveredconditionals="8" methods="7" coveredmethods="6" elements="42" coveredelements="37" complexity="0" loc="26" ncloc="26" packages="1" files="1" classes="1"/>
    <file name="assignmentService.js" path="C:\learning\project_list\secret-santra\backend\services\assignmentService.js">
      <metrics statements="26" coveredstatements="23" conditionals="9" coveredconditionals="8" methods="7" coveredmethods="6"/>
      <line num="3" count="2" type="stmt"/>
      <line num="4" count="2" type="stmt"/>
      <line num="8" count="2" type="stmt"/>
      <line num="9" count="2" type="stmt"/>
      <line num="10" count="0" type="stmt"/>
      <line num="12" count="2" type="stmt"/>
      <line num="16" count="43" type="stmt"/>
      <line num="20" count="29" type="cond" truecount="2" falsecount="0"/>
      <line num="21" count="13" type="stmt"/>
      <line num="24" count="16" type="cond" truecount="1" falsecount="1"/>
      <line num="28" count="0" type="stmt"/>
      <line num="31" count="16" type="stmt"/>
      <line num="35" count="2" type="stmt"/>
      <line num="37" count="2" type="stmt"/>
      <line num="38" count="15" type="stmt"/>
      <line num="39" count="15" type="stmt"/>
      <line num="40" count="15" type="stmt"/>
      <line num="42" count="15" type="stmt"/>
      <line num="43" count="29" type="cond" truecount="2" falsecount="0"/>
      <line num="44" count="13" type="stmt"/>
      <line num="45" count="13" type="stmt"/>
      <line num="48" count="16" type="stmt"/>
      <line num="56" count="15" type="cond" truecount="2" falsecount="0"/>
      <line num="58" count="13" type="stmt"/>
      <line num="61" count="0" type="stmt"/>
      <line num="65" count="1" type="stmt"/>
    </file>
  </project>
</coverage>
