{"C:\\learning\\project_list\\secret-santra\\backend\\services\\assignmentService.js": {"path":"C:\\learning\\project_list\\secret-santra\\backend\\services\\assignmentService.js","statementMap":{"0":{"start":{"line":3,"column":4},"end":{"line":3,"column":31}},"1":{"start":{"line":4,"column":4},"end":{"line":4,"column":67}},"2":{"start":{"line":8,"column":16},"end":{"line":8,"column":25}},"3":{"start":{"line":9,"column":4},"end":{"line":11,"column":7}},"4":{"start":{"line":10,"column":6},"end":{"line":10,"column":58}},"5":{"start":{"line":12,"column":4},"end":{"line":12,"column":15}},"6":{"start":{"line":16,"column":4},"end":{"line":16,"column":49}},"7":{"start":{"line":16,"column":28},"end":{"line":16,"column":47}},"8":{"start":{"line":20,"column":4},"end":{"line":22,"column":5}},"9":{"start":{"line":21,"column":6},"end":{"line":21,"column":19}},"10":{"start":{"line":24,"column":4},"end":{"line":29,"column":5}},"11":{"start":{"line":28,"column":6},"end":{"line":28,"column":19}},"12":{"start":{"line":31,"column":4},"end":{"line":31,"column":16}},"13":{"start":{"line":35,"column":19},"end":{"line":35,"column":20}},"14":{"start":{"line":37,"column":4},"end":{"line":59,"column":5}},"15":{"start":{"line":38,"column":24},"end":{"line":38,"column":57}},"16":{"start":{"line":39,"column":18},"end":{"line":39,"column":22}},"17":{"start":{"line":40,"column":21},"end":{"line":40,"column":23}},"18":{"start":{"line":42,"column":6},"end":{"line":54,"column":7}},"19":{"start":{"line":42,"column":19},"end":{"line":42,"column":20}},"20":{"start":{"line":43,"column":8},"end":{"line":46,"column":9}},"21":{"start":{"line":44,"column":10},"end":{"line":44,"column":24}},"22":{"start":{"line":45,"column":10},"end":{"line":45,"column":16}},"23":{"start":{"line":48,"column":8},"end":{"line":53,"column":11}},"24":{"start":{"line":56,"column":6},"end":{"line":56,"column":31}},"25":{"start":{"line":56,"column":17},"end":{"line":56,"column":31}},"26":{"start":{"line":58,"column":6},"end":{"line":58,"column":17}},"27":{"start":{"line":61,"column":4},"end":{"line":61,"column":66}},"28":{"start":{"line":65,"column":0},"end":{"line":65,"column":35}}},"fnMap":{"0":{"name":"(anonymous_0)","decl":{"start":{"line":2,"column":2},"end":{"line":2,"column":3}},"loc":{"start":{"line":2,"column":51},"end":{"line":5,"column":3}},"line":2},"1":{"name":"(anonymous_1)","decl":{"start":{"line":7,"column":2},"end":{"line":7,"column":3}},"loc":{"start":{"line":7,"column":33},"end":{"line":13,"column":3}},"line":7},"2":{"name":"(anonymous_2)","decl":{"start":{"line":9,"column":24},"end":{"line":9,"column":25}},"loc":{"start":{"line":9,"column":29},"end":{"line":11,"column":5}},"line":9},"3":{"name":"(anonymous_3)","decl":{"start":{"line":15,"column":2},"end":{"line":15,"column":3}},"loc":{"start":{"line":15,"column":17},"end":{"line":17,"column":3}},"line":15},"4":{"name":"(anonymous_4)","decl":{"start":{"line":16,"column":22},"end":{"line":16,"column":23}},"loc":{"start":{"line":16,"column":28},"end":{"line":16,"column":47}},"line":16},"5":{"name":"(anonymous_5)","decl":{"start":{"line":19,"column":2},"end":{"line":19,"column":3}},"loc":{"start":{"line":19,"column":27},"end":{"line":32,"column":3}},"line":19},"6":{"name":"(anonymous_6)","decl":{"start":{"line":34,"column":2},"end":{"line":34,"column":3}},"loc":{"start":{"line":34,"column":24},"end":{"line":62,"column":3}},"line":34}},"branchMap":{"0":{"loc":{"start":{"line":2,"column":25},"end":{"line":2,"column":49}},"type":"default-arg","locations":[{"start":{"line":2,"column":47},"end":{"line":2,"column":49}}],"line":2},"1":{"loc":{"start":{"line":20,"column":4},"end":{"line":22,"column":5}},"type":"if","locations":[{"start":{"line":20,"column":4},"end":{"line":22,"column":5}},{"start":{},"end":{}}],"line":20},"2":{"loc":{"start":{"line":24,"column":4},"end":{"line":29,"column":5}},"type":"if","locations":[{"start":{"line":24,"column":4},"end":{"line":29,"column":5}},{"start":{},"end":{}}],"line":24},"3":{"loc":{"start":{"line":43,"column":8},"end":{"line":46,"column":9}},"type":"if","locations":[{"start":{"line":43,"column":8},"end":{"line":46,"column":9}},{"start":{},"end":{}}],"line":43},"4":{"loc":{"start":{"line":56,"column":6},"end":{"line":56,"column":31}},"type":"if","locations":[{"start":{"line":56,"column":6},"end":{"line":56,"column":31}},{"start":{},"end":{}}],"line":56}},"s":{"0":2,"1":2,"2":2,"3":2,"4":0,"5":2,"6":15,"7":43,"8":29,"9":13,"10":16,"11":0,"12":16,"13":2,"14":2,"15":15,"16":15,"17":15,"18":15,"19":15,"20":29,"21":13,"22":13,"23":16,"24":15,"25":2,"26":13,"27":0,"28":1},"f":{"0":2,"1":2,"2":0,"3":15,"4":43,"5":29,"6":2},"b":{"0":[2],"1":[13,16],"2":[0,16],"3":[13,16],"4":[2,13]},"_coverageSchema":"1a1c01bbd47fc00a2c39e90264f33305004495a9","hash":"39c0af53b7b3137d8dd47166400ddecb8d61c563"}
}
