TN:
SF:services\assignmentService.js
FN:2,(anonymous_0)
FN:7,(anonymous_1)
FN:9,(anonymous_2)
FN:15,(anonymous_3)
FN:16,(anonymous_4)
FN:19,(anonymous_5)
FN:34,(anonymous_6)
FNF:7
FNH:6
FNDA:2,(anonymous_0)
FNDA:2,(anonymous_1)
FNDA:0,(anonymous_2)
FNDA:15,(anonymous_3)
FNDA:43,(anonymous_4)
FNDA:29,(anonymous_5)
FNDA:2,(anonymous_6)
DA:3,2
DA:4,2
DA:8,2
DA:9,2
DA:10,0
DA:12,2
DA:16,43
DA:20,29
DA:21,13
DA:24,16
DA:28,0
DA:31,16
DA:35,2
DA:37,2
DA:38,15
DA:39,15
DA:40,15
DA:42,15
DA:43,29
DA:44,13
DA:45,13
DA:48,16
DA:56,15
DA:58,13
DA:61,0
DA:65,1
LF:26
LH:23
BRDA:2,0,0,2
BRDA:20,1,0,13
BRDA:20,1,1,16
BRDA:24,2,0,0
BRDA:24,2,1,16
BRDA:43,3,0,13
BRDA:43,3,1,16
BRDA:56,4,0,2
BRDA:56,4,1,13
BRF:9
BRH:8
end_of_record
